0 info it worked if it ends with ok
1 verbose cli [ '/usr/bin/nodejs', '/usr/bin/npm', 'install', '-g', 'nectarjs' ]
2 info using npm@4.0.5
3 info using node@v7.4.0
4 silly loadCurrentTree Starting
5 silly install loadCurrentTree
6 silly install readGlobalPackageData
7 silly fetchPackageMetaData nectarjs
8 silly fetchNamedPackageData nectarjs
9 silly mapToRegistry name nectarjs
10 silly mapToRegistry using default registry
11 silly mapToRegistry registry https://registry.npmjs.org/
12 silly mapToRegistry data Result {
12 silly mapToRegistry   raw: 'nectarjs',
12 silly mapToRegistry   scope: null,
12 silly mapToRegistry   escapedName: 'nectarjs',
12 silly mapToRegistry   name: 'nectarjs',
12 silly mapToRegistry   rawSpec: '',
12 silly mapToRegistry   spec: 'latest',
12 silly mapToRegistry   type: 'tag' }
13 silly mapToRegistry uri https://registry.npmjs.org/nectarjs
14 verbose request uri https://registry.npmjs.org/nectarjs
15 verbose request no auth needed
16 info attempt registry request try #1 at 00:02:45
17 verbose request using bearer token for auth
18 verbose request id d67a5ad41fe5494d
19 http request GET https://registry.npmjs.org/nectarjs
20 http 200 https://registry.npmjs.org/nectarjs
21 verbose headers { server: 'nginx/1.10.1',
21 verbose headers   'content-type': 'application/json',
21 verbose headers   'last-modified': 'Sat, 14 Jan 2017 21:58:46 GMT',
21 verbose headers   etag: 'W/"587a9f16-1c81"',
21 verbose headers   'content-encoding': 'gzip',
21 verbose headers   'cache-control': 'max-age=300',
21 verbose headers   'transfer-encoding': 'chunked',
21 verbose headers   'accept-ranges': 'bytes',
21 verbose headers   date: 'Sat, 14 Jan 2017 22:02:46 GMT',
21 verbose headers   via: '1.1 varnish',
21 verbose headers   connection: 'keep-alive',
21 verbose headers   'x-served-by': 'cache-lhr6328-LHR',
21 verbose headers   'x-cache': 'MISS',
21 verbose headers   'x-cache-hits': '0',
21 verbose headers   'x-timer': 'S1484431366.301644,VS0,VE106',
21 verbose headers   vary: 'Accept-Encoding' }
22 silly get cb [ 200,
22 silly get   { server: 'nginx/1.10.1',
22 silly get     'content-type': 'application/json',
22 silly get     'last-modified': 'Sat, 14 Jan 2017 21:58:46 GMT',
22 silly get     etag: 'W/"587a9f16-1c81"',
22 silly get     'content-encoding': 'gzip',
22 silly get     'cache-control': 'max-age=300',
22 silly get     'transfer-encoding': 'chunked',
22 silly get     'accept-ranges': 'bytes',
22 silly get     date: 'Sat, 14 Jan 2017 22:02:46 GMT',
22 silly get     via: '1.1 varnish',
22 silly get     connection: 'keep-alive',
22 silly get     'x-served-by': 'cache-lhr6328-LHR',
22 silly get     'x-cache': 'MISS',
22 silly get     'x-cache-hits': '0',
22 silly get     'x-timer': 'S1484431366.301644,VS0,VE106',
22 silly get     vary: 'Accept-Encoding' } ]
23 verbose get saving nectarjs to /home/adrien/.npm/registry.npmjs.org/nectarjs/.cache.json
24 verbose correctMkdir /home/adrien/.npm correctMkdir not in flight; initializing
25 silly install normalizeTree
26 silly loadCurrentTree Finishing
27 silly loadIdealTree Starting
28 silly install loadIdealTree
29 silly cloneCurrentTree Starting
30 silly install cloneCurrentTreeToIdealTree
31 silly cloneCurrentTree Finishing
32 silly loadShrinkwrap Starting
33 silly install loadShrinkwrap
34 silly loadShrinkwrap Finishing
35 silly loadAllDepsIntoIdealTree Starting
36 silly install loadAllDepsIntoIdealTree
37 silly resolveWithNewModule nectarjs@0.0.5 checking installable status
38 silly cache add args [ 'nectarjs', null ]
39 verbose cache add spec nectarjs
40 silly cache add parsed spec Result {
40 silly cache add   raw: 'nectarjs',
40 silly cache add   scope: null,
40 silly cache add   escapedName: 'nectarjs',
40 silly cache add   name: 'nectarjs',
40 silly cache add   rawSpec: '',
40 silly cache add   spec: 'latest',
40 silly cache add   type: 'tag' }
41 silly addNamed nectarjs@latest
42 verbose addNamed "latest" is being treated as a dist-tag for nectarjs
43 info addNameTag [ 'nectarjs', 'latest' ]
44 silly mapToRegistry name nectarjs
45 silly mapToRegistry using default registry
46 silly mapToRegistry registry https://registry.npmjs.org/
47 silly mapToRegistry data Result {
47 silly mapToRegistry   raw: 'nectarjs',
47 silly mapToRegistry   scope: null,
47 silly mapToRegistry   escapedName: 'nectarjs',
47 silly mapToRegistry   name: 'nectarjs',
47 silly mapToRegistry   rawSpec: '',
47 silly mapToRegistry   spec: 'latest',
47 silly mapToRegistry   type: 'tag' }
48 silly mapToRegistry uri https://registry.npmjs.org/nectarjs
49 verbose addNameTag registry:https://registry.npmjs.org/nectarjs not in flight; fetching
50 verbose get https://registry.npmjs.org/nectarjs not expired, no request
51 silly addNameTag next cb for nectarjs with tag latest
52 silly addNamed nectarjs@0.0.5
53 verbose addNamed "0.0.5" is a plain semver version for nectarjs
54 silly cache afterAdd nectarjs@0.0.5
55 verbose afterAdd /home/adrien/.npm/nectarjs/0.0.5/package/package.json not in flight; writing
56 verbose correctMkdir /home/adrien/.npm correctMkdir not in flight; initializing
57 verbose afterAdd /home/adrien/.npm/nectarjs/0.0.5/package/package.json written
58 silly loadAllDepsIntoIdealTree Finishing
59 silly loadIdealTree Finishing
60 silly currentTree lib
60 silly currentTree └── nectarjs@0.0.3
61 silly idealTree lib
61 silly idealTree └── nectarjs@0.0.5
62 silly generateActionsToTake Starting
63 silly install generateActionsToTake
64 warn checkPermissions Missing write access to /usr/lib/node_modules/nectarjs
65 warn checkPermissions Missing write access to /usr/lib/node_modules
66 silly rollbackFailedOptional Starting
67 silly rollbackFailedOptional Finishing
68 silly runTopLevelLifecycles Finishing
69 silly install printInstalled
70 verbose stack Error: EACCES: permission denied, access '/usr/lib/node_modules/nectarjs'
71 verbose cwd /home/adrien/workspace/git/nectarjs/example
72 error Linux 3.16.0-4-amd64
73 error argv "/usr/bin/nodejs" "/usr/bin/npm" "install" "-g" "nectarjs"
74 error node v7.4.0
75 error npm  v4.0.5
76 error path /usr/lib/node_modules/nectarjs
77 error code EACCES
78 error errno -13
79 error syscall access
80 error Error: EACCES: permission denied, access '/usr/lib/node_modules/nectarjs'
80 error  { Error: EACCES: permission denied, access '/usr/lib/node_modules/nectarjs'
80 error   errno: -13,
80 error   code: 'EACCES',
80 error   syscall: 'access',
80 error   path: '/usr/lib/node_modules/nectarjs' }
81 error Please try running this command again as root/Administrator.
82 verbose exit [ -13, true ]
